<?xml version="1.0" encoding="UTF-8"?>
<!-- Generated by org.testng.reporters.JUnitXMLReporter -->
<testsuite ignored="0" hostname="AIPL4398LT11158" failures="2" tests="3" name="GoogleTest3" time="20.527" errors="0" timestamp="2022-09-09T11:13:34 IST">
  <testcase classname="web.tests.GoogleSearchTest2223" name="googleSearch3" time="6.436"/>
  <testcase classname="web.tests.GoogleSearchTest2223" name="verifyTitle3" time="2.98">
    <failure type="java.lang.AssertionError" message="expected [Gogle] but found [Google]">
      <![CDATA[java.lang.AssertionError: expected [Gogle] but found [Google]
at web.tests.GoogleSearchTest2223.verifyTitle3(GoogleSearchTest2223.java:25)
at java.base/java.util.ArrayList.forEach(ArrayList.java:1511)
at java.base/java.util.concurrent.FutureTask.run(FutureTask.java:264)
at java.base/java.util.concurrent.ThreadPoolExecutor.runWorker(ThreadPoolExecutor.java:1130)
at java.base/java.util.concurrent.ThreadPoolExecutor$Worker.run(ThreadPoolExecutor.java:630)
at java.base/java.lang.Thread.run(Thread.java:831)
... Removed 24 stack frames]]>
    </failure>
  </testcase> <!-- verifyTitle3 -->
  <testcase classname="web.tests.GoogleSearchTest2223" name="googleImages3" time="2.487">
    <failure type="java.lang.AssertionError" message="expected [Google] but found [Google Images]">
      <![CDATA[java.lang.AssertionError: expected [Google] but found [Google Images]
at web.tests.GoogleSearchTest2223.googleImages3(GoogleSearchTest2223.java:33)
at java.base/java.util.ArrayList.forEach(ArrayList.java:1511)
at java.base/java.util.concurrent.FutureTask.run(FutureTask.java:264)
at java.base/java.util.concurrent.ThreadPoolExecutor.runWorker(ThreadPoolExecutor.java:1130)
at java.base/java.util.concurrent.ThreadPoolExecutor$Worker.run(ThreadPoolExecutor.java:630)
at java.base/java.lang.Thread.run(Thread.java:831)
... Removed 24 stack frames]]>
    </failure>
  </testcase> <!-- googleImages3 -->
</testsuite> <!-- GoogleTest3 -->
