<?xml version="1.0" encoding="UTF-8"?>
<!-- Generated by org.testng.reporters.JUnitXMLReporter -->
<testsuite ignored="0" hostname="AIPL4398LT11158" failures="2" tests="3" name="GoogleTest2" time="31.926" errors="0" timestamp="2022-09-09T10:36:18 IST">
  <testcase classname="web.tests.GoogleSearchTest2222" name="googleSearch2" time="6.976"/>
  <testcase classname="web.tests.GoogleSearchTest2222" name="verifyTitle2" time="6.123">
    <failure type="java.lang.AssertionError" message="expected [Gogle] but found [Google]">
      <![CDATA[java.lang.AssertionError: expected [Gogle] but found [Google]
at web.tests.GoogleSearchTest2222.verifyTitle2(GoogleSearchTest2222.java:25)
at java.base/java.util.ArrayList.forEach(ArrayList.java:1511)
at java.base/java.util.concurrent.FutureTask.run(FutureTask.java:264)
at java.base/java.util.concurrent.ThreadPoolExecutor.runWorker(ThreadPoolExecutor.java:1130)
at java.base/java.util.concurrent.ThreadPoolExecutor$Worker.run(ThreadPoolExecutor.java:630)
at java.base/java.lang.Thread.run(Thread.java:831)
... Removed 24 stack frames]]>
    </failure>
  </testcase> <!-- verifyTitle2 -->
  <testcase classname="web.tests.GoogleSearchTest2222" name="googleImages2" time="2.849">
    <failure type="java.lang.AssertionError" message="expected [Google] but found [Google Images]">
      <![CDATA[java.lang.AssertionError: expected [Google] but found [Google Images]
at web.tests.GoogleSearchTest2222.googleImages2(GoogleSearchTest2222.java:33)
at java.base/java.util.ArrayList.forEach(ArrayList.java:1511)
at java.base/java.util.concurrent.FutureTask.run(FutureTask.java:264)
at java.base/java.util.concurrent.ThreadPoolExecutor.runWorker(ThreadPoolExecutor.java:1130)
at java.base/java.util.concurrent.ThreadPoolExecutor$Worker.run(ThreadPoolExecutor.java:630)
at java.base/java.lang.Thread.run(Thread.java:831)
... Removed 24 stack frames]]>
    </failure>
  </testcase> <!-- googleImages2 -->
</testsuite> <!-- GoogleTest2 -->
