<?xml version="1.0" encoding="UTF-8"?>
<!-- Generated by org.testng.reporters.JUnitXMLReporter -->
<testsuite ignored="0" hostname="AIPL4398LT11158" failures="1" tests="5" name="YahooTest" time="42.923" errors="0" timestamp="2022-09-22T12:13:53 IST">
  <testcase classname="web.tests.YahooSearchTest" name="yahooSearcch" time="5.976"/>
  <testcase classname="web.tests.YahooSearchTest" name="verifyYahooTitle" time="0.567">
    <skipped/>
  </testcase> <!-- verifyYahooTitle -->
  <testcase classname="web.tests.YahooSearchTest" name="verifyYahooTitle" time="0.561">
    <skipped/>
  </testcase> <!-- verifyYahooTitle -->
  <testcase classname="web.tests.YahooSearchTest" name="verifyYahooTitle" time="0.577">
    <failure type="java.lang.AssertionError" message="expected [Yahoo] but found [Yahoo Search - Web Search]">
      <![CDATA[java.lang.AssertionError: expected [Yahoo] but found [Yahoo Search - Web Search]
at web.tests.YahooSearchTest.verifyYahooTitle(YahooSearchTest.java:28)
at java.base/java.util.ArrayList.forEach(ArrayList.java:1511)
at java.base/java.util.concurrent.FutureTask.run(FutureTask.java:264)
at java.base/java.util.concurrent.ThreadPoolExecutor.runWorker(ThreadPoolExecutor.java:1130)
at java.base/java.util.concurrent.ThreadPoolExecutor$Worker.run(ThreadPoolExecutor.java:630)
at java.base/java.lang.Thread.run(Thread.java:831)
... Removed 23 stack frames]]>
    </failure>
  </testcase> <!-- verifyYahooTitle -->
  <testcase classname="web.tests.YahooSearchTest" name="yahooLogin" time="23.4"/>
</testsuite> <!-- YahooTest -->
